<?xml version="1.0" encoding="UTF-8"?>
<testng-results ignored="0" total="1" passed="1" failed="0" skipped="0">
  <reporter-output>
  </reporter-output>
  <suite started-at="2024-01-17T00:10:55 IST" name="Default suite" finished-at="2024-01-17T00:11:00 IST" duration-ms="5342">
    <groups>
    </groups>
    <test started-at="2024-01-17T00:10:55 IST" name="Default test" finished-at="2024-01-17T00:11:00 IST" duration-ms="5342">
      <class name="com.test.LoginClass">
        <test-method signature="login()[pri:0, instance:com.test.LoginClass@17497425]" started-at="2024-01-17T00:10:55 IST" name="login" finished-at="2024-01-17T00:11:00 IST" duration-ms="5303" status="PASS">
          <reporter-output>
          </reporter-output>
        </test-method> <!-- login -->
      </class> <!-- com.test.LoginClass -->
    </test> <!-- Default test -->
  </suite> <!-- Default suite -->
</testng-results>
